16:45:37:927  INFO 8708 --- [main] com.hmall.pay.PayServiceApplication      : Starting PayServiceApplication using Java 11.0.24 on LAPTOP-MN11L063 with PID 8708 (D:\javaworkspace\heimaMallLocal\hmall\pay-service\target\classes started by 86152 in D:\javaworkspace\heimaMallLocal\hmall)
16:45:37:934 DEBUG 8708 --- [main] com.hmall.pay.PayServiceApplication      : Running with Spring Boot v2.7.12, Spring v5.3.27
16:45:37:934  INFO 8708 --- [main] com.hmall.pay.PayServiceApplication      : The following 1 profile is active: "local"
16:45:39:555  INFO 8708 --- [main] .s.d.r.c.RepositoryConfigurationDelegate : Multiple Spring Data modules found, entering strict repository configuration mode
16:45:39:559  INFO 8708 --- [main] .s.d.r.c.RepositoryConfigurationDelegate : Bootstrapping Spring Data Redis repositories in DEFAULT mode.
16:45:39:622  INFO 8708 --- [main] .s.d.r.c.RepositoryConfigurationDelegate : Finished Spring Data repository scanning in 11 ms. Found 0 Redis repository interfaces.
16:45:39:904  INFO 8708 --- [main] o.s.cloud.context.scope.GenericScope     : BeanFactory id=04f479a3-f2e6-3276-ab39-49c0a7484d34
16:45:40:441  INFO 8708 --- [main] o.s.b.w.embedded.tomcat.TomcatWebServer  : Tomcat initialized with port(s): 8086 (http)
16:45:40:443  INFO 8708 --- [main] o.a.catalina.core.AprLifecycleListener   : Loaded Apache Tomcat Native library [1.2.33] using APR version [1.7.0].
16:45:40:443  INFO 8708 --- [main] o.a.catalina.core.AprLifecycleListener   : APR capabilities: IPv6 [true], sendfile [true], accept filters [false], random [true], UDS [true].
16:45:40:443  INFO 8708 --- [main] o.a.catalina.core.AprLifecycleListener   : APR/OpenSSL configuration: useAprConnector [false], useOpenSSL [true]
16:45:40:448  INFO 8708 --- [main] o.a.catalina.core.AprLifecycleListener   : OpenSSL successfully initialized [OpenSSL 1.1.1o  3 May 2022]
16:45:40:459  INFO 8708 --- [main] o.apache.catalina.core.StandardService   : Starting service [Tomcat]
16:45:40:460  INFO 8708 --- [main] org.apache.catalina.core.StandardEngine  : Starting Servlet engine: [Apache Tomcat/9.0.75]
16:45:40:686  INFO 8708 --- [main] o.a.c.c.C.[Tomcat].[localhost].[/]       : Initializing Spring embedded WebApplicationContext
16:45:40:686  INFO 8708 --- [main] w.s.c.ServletWebServerApplicationContext : Root WebApplicationContext: initialization completed in 2660 ms
16:45:40:801  WARN 8708 --- [main] ConfigServletWebServerApplicationContext : Exception encountered during context initialization - cancelling refresh attempt: org.springframework.beans.factory.UnsatisfiedDependencyException: Error creating bean with name 'payController' defined in file [D:\javaworkspace\heimaMallLocal\hmall\pay-service\target\classes\com\hmall\pay\controller\PayController.class]: Unsatisfied dependency expressed through constructor parameter 0; nested exception is org.springframework.beans.factory.UnsatisfiedDependencyException: Error creating bean with name 'payOrderServiceImpl' defined in file [D:\javaworkspace\heimaMallLocal\hmall\pay-service\target\classes\com\hmall\pay\service\impl\PayOrderServiceImpl.class]: Unsatisfied dependency expressed through constructor parameter 0; nested exception is org.springframework.beans.factory.NoSuchBeanDefinitionException: No qualifying bean of type 'com.hmall.api.client.UserClient' available: expected at least 1 bean which qualifies as autowire candidate. Dependency annotations: {}
16:45:40:805  INFO 8708 --- [main] o.apache.catalina.core.StandardService   : Stopping service [Tomcat]
16:45:40:839  INFO 8708 --- [main] ConditionEvaluationReportLoggingListener : 

Error starting ApplicationContext. To display the conditions report re-run your application with 'debug' enabled.
16:45:40:869 ERROR 8708 --- [main] o.s.b.d.LoggingFailureAnalysisReporter   : 

***************************
APPLICATION FAILED TO START
***************************

Description:

Parameter 0 of constructor in com.hmall.pay.service.impl.PayOrderServiceImpl required a bean of type 'com.hmall.api.client.UserClient' that could not be found.


Action:

Consider defining a bean of type 'com.hmall.api.client.UserClient' in your configuration.

