16:45:06:680  INFO 25316 --- [main] com.hmall.cart.CartApplication           : Starting CartApplication using Java 11.0.24 on LAPTOP-MN11L063 with PID 25316 (D:\javaworkspace\heimaMallLocal\hmall\cart-service\target\classes started by 86152 in D:\javaworkspace\heimaMallLocal\hmall)
16:45:06:691 DEBUG 25316 --- [main] com.hmall.cart.CartApplication           : Running with Spring Boot v2.7.12, Spring v5.3.27
16:45:06:692  INFO 25316 --- [main] com.hmall.cart.CartApplication           : The following 1 profile is active: "local"
16:45:08:802  INFO 25316 --- [main] o.s.cloud.context.scope.GenericScope     : BeanFactory id=b6fdd805-cda1-3660-8c2c-4e91288b3747
16:45:09:599  INFO 25316 --- [main] o.s.b.w.embedded.tomcat.TomcatWebServer  : Tomcat initialized with port(s): 8082 (http)
16:45:09:609  INFO 25316 --- [main] o.a.catalina.core.AprLifecycleListener   : Loaded Apache Tomcat Native library [1.2.33] using APR version [1.7.0].
16:45:09:610  INFO 25316 --- [main] o.a.catalina.core.AprLifecycleListener   : APR capabilities: IPv6 [true], sendfile [true], accept filters [false], random [true], UDS [true].
16:45:09:610  INFO 25316 --- [main] o.a.catalina.core.AprLifecycleListener   : APR/OpenSSL configuration: useAprConnector [false], useOpenSSL [true]
16:45:09:617  INFO 25316 --- [main] o.a.catalina.core.AprLifecycleListener   : OpenSSL successfully initialized [OpenSSL 1.1.1o  3 May 2022]
16:45:09:636  INFO 25316 --- [main] o.apache.catalina.core.StandardService   : Starting service [Tomcat]
16:45:09:637  INFO 25316 --- [main] org.apache.catalina.core.StandardEngine  : Starting Servlet engine: [Apache Tomcat/9.0.75]
16:45:10:023  INFO 25316 --- [main] o.a.c.c.C.[Tomcat].[localhost].[/]       : Initializing Spring embedded WebApplicationContext
16:45:10:024  INFO 25316 --- [main] w.s.c.ServletWebServerApplicationContext : Root WebApplicationContext: initialization completed in 3208 ms
16:45:10:446  INFO 25316 --- [main] o.s.c.openfeign.FeignClientFactoryBean   : For 'item-service' URL not provided. Will try picking an instance via load-balancing.
16:45:23:807  INFO 25316 --- [main] pertySourcedRequestMappingHandlerMapping : Mapped URL path [/v2/api-docs] onto method [springfox.documentation.swagger2.web.Swagger2ControllerWebMvc#getDocumentation(String, HttpServletRequest)]
16:45:24:389  INFO 25316 --- [main] com.alibaba.nacos.common.remote.client   : [RpcClientFactory] create a new rpc client of ac9bdf1f-07cf-4ae0-808c-40e4abdb0a0d
16:45:24:520  INFO 25316 --- [main] org.reflections.Reflections              : Reflections took 74 ms to scan 1 urls, producing 3 keys and 6 values 
16:45:24:601  INFO 25316 --- [main] org.reflections.Reflections              : Reflections took 32 ms to scan 1 urls, producing 4 keys and 9 values 
16:45:24:636  INFO 25316 --- [main] org.reflections.Reflections              : Reflections took 26 ms to scan 1 urls, producing 3 keys and 10 values 
16:45:24:644  WARN 25316 --- [main] org.reflections.Reflections              : given scan urls are empty. set urls in the configuration
16:45:24:671  INFO 25316 --- [main] org.reflections.Reflections              : Reflections took 25 ms to scan 1 urls, producing 1 keys and 5 values 
16:45:24:699  INFO 25316 --- [main] org.reflections.Reflections              : Reflections took 22 ms to scan 1 urls, producing 1 keys and 7 values 
16:45:24:732  INFO 25316 --- [main] org.reflections.Reflections              : Reflections took 25 ms to scan 1 urls, producing 2 keys and 8 values 
16:45:24:738  WARN 25316 --- [main] org.reflections.Reflections              : given scan urls are empty. set urls in the configuration
16:45:24:741  INFO 25316 --- [main] com.alibaba.nacos.common.remote.client   : [ac9bdf1f-07cf-4ae0-808c-40e4abdb0a0d] RpcClient init label, labels = {module=naming, source=sdk}
16:45:24:746  INFO 25316 --- [main] com.alibaba.nacos.common.remote.client   : [ac9bdf1f-07cf-4ae0-808c-40e4abdb0a0d] RpcClient init, ServerListFactory = com.alibaba.nacos.client.naming.core.ServerListManager
16:45:24:746  INFO 25316 --- [main] com.alibaba.nacos.common.remote.client   : [ac9bdf1f-07cf-4ae0-808c-40e4abdb0a0d] Registry connection listener to current client:com.alibaba.nacos.client.naming.remote.gprc.redo.NamingGrpcRedoService
16:45:24:748  INFO 25316 --- [main] com.alibaba.nacos.common.remote.client   : [ac9bdf1f-07cf-4ae0-808c-40e4abdb0a0d] Register server push request handler:com.alibaba.nacos.client.naming.remote.gprc.NamingPushRequestHandler
16:45:24:752  INFO 25316 --- [main] com.alibaba.nacos.common.remote.client   : [ac9bdf1f-07cf-4ae0-808c-40e4abdb0a0d] Try to connect to server on start up, server: {serverIp = '119.3.126.214', server main port = 8848}
16:45:32:525 ERROR 25316 --- [main] c.a.n.c.remote.client.grpc.GrpcClient    : Server check fail, please check server 119.3.126.214 ,port 9848 is available , error ={}

java.util.concurrent.TimeoutException: Waited 3000 milliseconds (plus 5 milliseconds, 961999 nanoseconds delay) for com.alibaba.nacos.shaded.io.grpc.stub.ClientCalls$GrpcFuture@7646c9f5[status=PENDING, info=[GrpcFuture{clientCall={delegate={delegate=ClientCallImpl{method=MethodDescriptor{fullMethodName=Request/request, type=UNARY, idempotent=false, safe=false, sampledToLocalTracing=true, requestMarshaller=com.alibaba.nacos.shaded.io.grpc.protobuf.lite.ProtoLiteUtils$MessageMarshaller@34f24a11, responseMarshaller=com.alibaba.nacos.shaded.io.grpc.protobuf.lite.ProtoLiteUtils$MessageMarshaller@3f6d36eb, schemaDescriptor=com.alibaba.nacos.api.grpc.auto.RequestGrpc$RequestMethodDescriptorSupplier@3f5ac587}}}}}]]
	at com.alibaba.nacos.shaded.com.google.common.util.concurrent.AbstractFuture.get(AbstractFuture.java:508) ~[nacos-client-2.0.4.jar:na]
	at com.alibaba.nacos.common.remote.client.grpc.GrpcClient.serverCheck(GrpcClient.java:148) ~[nacos-client-2.0.4.jar:na]
	at com.alibaba.nacos.common.remote.client.grpc.GrpcClient.connectToServer(GrpcClient.java:264) ~[nacos-client-2.0.4.jar:na]
	at com.alibaba.nacos.common.remote.client.RpcClient.start(RpcClient.java:390) ~[nacos-client-2.0.4.jar:na]
	at com.alibaba.nacos.client.naming.remote.gprc.NamingGrpcClientProxy.start(NamingGrpcClientProxy.java:96) ~[nacos-client-2.0.4.jar:na]
	at com.alibaba.nacos.client.naming.remote.gprc.NamingGrpcClientProxy.<init>(NamingGrpcClientProxy.java:89) ~[nacos-client-2.0.4.jar:na]
	at com.alibaba.nacos.client.naming.remote.NamingClientProxyDelegate.<init>(NamingClientProxyDelegate.java:76) ~[nacos-client-2.0.4.jar:na]
	at com.alibaba.nacos.client.naming.NacosNamingService.init(NacosNamingService.java:95) ~[nacos-client-2.0.4.jar:na]
	at com.alibaba.nacos.client.naming.NacosNamingService.<init>(NacosNamingService.java:81) ~[nacos-client-2.0.4.jar:na]
	at java.base/jdk.internal.reflect.NativeConstructorAccessorImpl.newInstance0(Native Method) ~[na:na]
	at java.base/jdk.internal.reflect.NativeConstructorAccessorImpl.newInstance(NativeConstructorAccessorImpl.java:62) ~[na:na]
	at java.base/jdk.internal.reflect.DelegatingConstructorAccessorImpl.newInstance(DelegatingConstructorAccessorImpl.java:45) ~[na:na]
	at java.base/java.lang.reflect.Constructor.newInstance(Constructor.java:490) ~[na:na]
	at com.alibaba.nacos.api.naming.NamingFactory.createNamingService(NamingFactory.java:59) ~[nacos-client-2.0.4.jar:na]
	at com.alibaba.nacos.api.NacosFactory.createNamingService(NacosFactory.java:77) ~[nacos-client-2.0.4.jar:na]
	at com.alibaba.cloud.nacos.NacosServiceManager.createNewNamingService(NacosServiceManager.java:99) ~[spring-cloud-starter-alibaba-nacos-discovery-2021.0.4.0.jar:2021.0.4.0]
	at com.alibaba.cloud.nacos.NacosServiceManager.buildNamingService(NacosServiceManager.java:90) ~[spring-cloud-starter-alibaba-nacos-discovery-2021.0.4.0.jar:2021.0.4.0]
	at com.alibaba.cloud.nacos.NacosServiceManager.getNamingService(NacosServiceManager.java:46) ~[spring-cloud-starter-alibaba-nacos-discovery-2021.0.4.0.jar:2021.0.4.0]
	at com.alibaba.cloud.nacos.discovery.NacosWatch.start(NacosWatch.java:130) ~[spring-cloud-starter-alibaba-nacos-discovery-2021.0.4.0.jar:2021.0.4.0]
	at org.springframework.context.support.DefaultLifecycleProcessor.doStart(DefaultLifecycleProcessor.java:178) ~[spring-context-5.3.27.jar:5.3.27]
	at org.springframework.context.support.DefaultLifecycleProcessor.access$200(DefaultLifecycleProcessor.java:54) ~[spring-context-5.3.27.jar:5.3.27]
	at org.springframework.context.support.DefaultLifecycleProcessor$LifecycleGroup.start(DefaultLifecycleProcessor.java:356) ~[spring-context-5.3.27.jar:5.3.27]
	at java.base/java.lang.Iterable.forEach(Iterable.java:75) ~[na:na]
	at org.springframework.context.support.DefaultLifecycleProcessor.startBeans(DefaultLifecycleProcessor.java:155) ~[spring-context-5.3.27.jar:5.3.27]
	at org.springframework.context.support.DefaultLifecycleProcessor.onRefresh(DefaultLifecycleProcessor.java:123) ~[spring-context-5.3.27.jar:5.3.27]
	at org.springframework.context.support.AbstractApplicationContext.finishRefresh(AbstractApplicationContext.java:937) ~[spring-context-5.3.27.jar:5.3.27]
	at org.springframework.context.support.AbstractApplicationContext.refresh(AbstractApplicationContext.java:586) ~[spring-context-5.3.27.jar:5.3.27]
	at org.springframework.boot.web.servlet.context.ServletWebServerApplicationContext.refresh(ServletWebServerApplicationContext.java:147) ~[spring-boot-2.7.12.jar:2.7.12]
	at org.springframework.boot.SpringApplication.refresh(SpringApplication.java:731) ~[spring-boot-2.7.12.jar:2.7.12]
	at org.springframework.boot.SpringApplication.refreshContext(SpringApplication.java:408) ~[spring-boot-2.7.12.jar:2.7.12]
	at org.springframework.boot.SpringApplication.run(SpringApplication.java:307) ~[spring-boot-2.7.12.jar:2.7.12]
	at org.springframework.boot.SpringApplication.run(SpringApplication.java:1303) ~[spring-boot-2.7.12.jar:2.7.12]
	at org.springframework.boot.SpringApplication.run(SpringApplication.java:1292) ~[spring-boot-2.7.12.jar:2.7.12]
	at com.hmall.cart.CartApplication.main(CartApplication.java:14) ~[classes/:na]

16:45:32:532  INFO 25316 --- [main] com.alibaba.nacos.common.remote.client   : [ac9bdf1f-07cf-4ae0-808c-40e4abdb0a0d] Try to connect to server on start up, server: {serverIp = '119.3.126.214', server main port = 8848}
16:45:35:552 ERROR 25316 --- [main] c.a.n.c.remote.client.grpc.GrpcClient    : Server check fail, please check server 119.3.126.214 ,port 9848 is available , error ={}

java.util.concurrent.TimeoutException: Waited 3000 milliseconds (plus 14 milliseconds, 857000 nanoseconds delay) for com.alibaba.nacos.shaded.io.grpc.stub.ClientCalls$GrpcFuture@cda144a[status=PENDING, info=[GrpcFuture{clientCall={delegate={delegate=ClientCallImpl{method=MethodDescriptor{fullMethodName=Request/request, type=UNARY, idempotent=false, safe=false, sampledToLocalTracing=true, requestMarshaller=com.alibaba.nacos.shaded.io.grpc.protobuf.lite.ProtoLiteUtils$MessageMarshaller@34f24a11, responseMarshaller=com.alibaba.nacos.shaded.io.grpc.protobuf.lite.ProtoLiteUtils$MessageMarshaller@3f6d36eb, schemaDescriptor=com.alibaba.nacos.api.grpc.auto.RequestGrpc$RequestMethodDescriptorSupplier@3f5ac587}}}}}]]
	at com.alibaba.nacos.shaded.com.google.common.util.concurrent.AbstractFuture.get(AbstractFuture.java:508) ~[nacos-client-2.0.4.jar:na]
	at com.alibaba.nacos.common.remote.client.grpc.GrpcClient.serverCheck(GrpcClient.java:148) ~[nacos-client-2.0.4.jar:na]
	at com.alibaba.nacos.common.remote.client.grpc.GrpcClient.connectToServer(GrpcClient.java:264) ~[nacos-client-2.0.4.jar:na]
	at com.alibaba.nacos.common.remote.client.RpcClient.start(RpcClient.java:390) ~[nacos-client-2.0.4.jar:na]
	at com.alibaba.nacos.client.naming.remote.gprc.NamingGrpcClientProxy.start(NamingGrpcClientProxy.java:96) ~[nacos-client-2.0.4.jar:na]
	at com.alibaba.nacos.client.naming.remote.gprc.NamingGrpcClientProxy.<init>(NamingGrpcClientProxy.java:89) ~[nacos-client-2.0.4.jar:na]
	at com.alibaba.nacos.client.naming.remote.NamingClientProxyDelegate.<init>(NamingClientProxyDelegate.java:76) ~[nacos-client-2.0.4.jar:na]
	at com.alibaba.nacos.client.naming.NacosNamingService.init(NacosNamingService.java:95) ~[nacos-client-2.0.4.jar:na]
	at com.alibaba.nacos.client.naming.NacosNamingService.<init>(NacosNamingService.java:81) ~[nacos-client-2.0.4.jar:na]
	at java.base/jdk.internal.reflect.NativeConstructorAccessorImpl.newInstance0(Native Method) ~[na:na]
	at java.base/jdk.internal.reflect.NativeConstructorAccessorImpl.newInstance(NativeConstructorAccessorImpl.java:62) ~[na:na]
	at java.base/jdk.internal.reflect.DelegatingConstructorAccessorImpl.newInstance(DelegatingConstructorAccessorImpl.java:45) ~[na:na]
	at java.base/java.lang.reflect.Constructor.newInstance(Constructor.java:490) ~[na:na]
	at com.alibaba.nacos.api.naming.NamingFactory.createNamingService(NamingFactory.java:59) ~[nacos-client-2.0.4.jar:na]
	at com.alibaba.nacos.api.NacosFactory.createNamingService(NacosFactory.java:77) ~[nacos-client-2.0.4.jar:na]
	at com.alibaba.cloud.nacos.NacosServiceManager.createNewNamingService(NacosServiceManager.java:99) ~[spring-cloud-starter-alibaba-nacos-discovery-2021.0.4.0.jar:2021.0.4.0]
	at com.alibaba.cloud.nacos.NacosServiceManager.buildNamingService(NacosServiceManager.java:90) ~[spring-cloud-starter-alibaba-nacos-discovery-2021.0.4.0.jar:2021.0.4.0]
	at com.alibaba.cloud.nacos.NacosServiceManager.getNamingService(NacosServiceManager.java:46) ~[spring-cloud-starter-alibaba-nacos-discovery-2021.0.4.0.jar:2021.0.4.0]
	at com.alibaba.cloud.nacos.discovery.NacosWatch.start(NacosWatch.java:130) ~[spring-cloud-starter-alibaba-nacos-discovery-2021.0.4.0.jar:2021.0.4.0]
	at org.springframework.context.support.DefaultLifecycleProcessor.doStart(DefaultLifecycleProcessor.java:178) ~[spring-context-5.3.27.jar:5.3.27]
	at org.springframework.context.support.DefaultLifecycleProcessor.access$200(DefaultLifecycleProcessor.java:54) ~[spring-context-5.3.27.jar:5.3.27]
	at org.springframework.context.support.DefaultLifecycleProcessor$LifecycleGroup.start(DefaultLifecycleProcessor.java:356) ~[spring-context-5.3.27.jar:5.3.27]
	at java.base/java.lang.Iterable.forEach(Iterable.java:75) ~[na:na]
	at org.springframework.context.support.DefaultLifecycleProcessor.startBeans(DefaultLifecycleProcessor.java:155) ~[spring-context-5.3.27.jar:5.3.27]
	at org.springframework.context.support.DefaultLifecycleProcessor.onRefresh(DefaultLifecycleProcessor.java:123) ~[spring-context-5.3.27.jar:5.3.27]
	at org.springframework.context.support.AbstractApplicationContext.finishRefresh(AbstractApplicationContext.java:937) ~[spring-context-5.3.27.jar:5.3.27]
	at org.springframework.context.support.AbstractApplicationContext.refresh(AbstractApplicationContext.java:586) ~[spring-context-5.3.27.jar:5.3.27]
	at org.springframework.boot.web.servlet.context.ServletWebServerApplicationContext.refresh(ServletWebServerApplicationContext.java:147) ~[spring-boot-2.7.12.jar:2.7.12]
	at org.springframework.boot.SpringApplication.refresh(SpringApplication.java:731) ~[spring-boot-2.7.12.jar:2.7.12]
	at org.springframework.boot.SpringApplication.refreshContext(SpringApplication.java:408) ~[spring-boot-2.7.12.jar:2.7.12]
	at org.springframework.boot.SpringApplication.run(SpringApplication.java:307) ~[spring-boot-2.7.12.jar:2.7.12]
	at org.springframework.boot.SpringApplication.run(SpringApplication.java:1303) ~[spring-boot-2.7.12.jar:2.7.12]
	at org.springframework.boot.SpringApplication.run(SpringApplication.java:1292) ~[spring-boot-2.7.12.jar:2.7.12]
	at com.hmall.cart.CartApplication.main(CartApplication.java:14) ~[classes/:na]

16:45:35:557  INFO 25316 --- [main] com.alibaba.nacos.common.remote.client   : [ac9bdf1f-07cf-4ae0-808c-40e4abdb0a0d] Try to connect to server on start up, server: {serverIp = '119.3.126.214', server main port = 8848}
16:45:35:916  INFO 25316 --- [main] com.alibaba.nacos.common.remote.client   : [ac9bdf1f-07cf-4ae0-808c-40e4abdb0a0d] Success to connect to server [119.3.126.214:8848] on start up, connectionId = 1728809134811_218.22.21.22_60202
16:45:35:917  INFO 25316 --- [com.alibaba.nacos.client.remote.worker] com.alibaba.nacos.common.remote.client   : [ac9bdf1f-07cf-4ae0-808c-40e4abdb0a0d] Notify connected event to listeners.
16:45:35:919  INFO 25316 --- [main] com.alibaba.nacos.common.remote.client   : [ac9bdf1f-07cf-4ae0-808c-40e4abdb0a0d] Register server push request handler:com.alibaba.nacos.common.remote.client.RpcClient$ConnectResetRequestHandler
16:45:35:920  INFO 25316 --- [main] com.alibaba.nacos.common.remote.client   : [ac9bdf1f-07cf-4ae0-808c-40e4abdb0a0d] Register server push request handler:com.alibaba.nacos.common.remote.client.RpcClient$$Lambda$1011/0x00000008006dc440
16:45:36:099  INFO 25316 --- [main] o.s.b.w.embedded.tomcat.TomcatWebServer  : Tomcat started on port(s): 8082 (http) with context path ''
16:45:36:589  INFO 25316 --- [nacos-grpc-client-executor-9] com.alibaba.nacos.common.remote.client   : [ac9bdf1f-07cf-4ae0-808c-40e4abdb0a0d] Receive server push request, request = NotifySubscriberRequest, requestId = 154
16:45:36:593  INFO 25316 --- [nacos-grpc-client-executor-9] com.alibaba.nacos.common.remote.client   : [ac9bdf1f-07cf-4ae0-808c-40e4abdb0a0d] Ack server push request, request = NotifySubscriberRequest, requestId = 154
16:45:38:728  INFO 25316 --- [main] c.a.c.n.registry.NacosServiceRegistry    : nacos registry, DEFAULT_GROUP cart-service 192.168.239.1:8082 register finished
16:45:38:730  INFO 25316 --- [main] d.s.w.p.DocumentationPluginsBootstrapper : Documentation plugins bootstrapped
16:45:38:735  INFO 25316 --- [main] d.s.w.p.DocumentationPluginsBootstrapper : Found 1 custom documentation plugin(s)
16:45:38:784  INFO 25316 --- [main] s.d.s.w.s.ApiListingReferenceScanner     : Scanning for api listing references
16:45:38:947  INFO 25316 --- [main] com.hmall.cart.CartApplication           : Started CartApplication in 37.7 seconds (JVM running for 44.363)
16:45:39:257  INFO 25316 --- [nacos-grpc-client-executor-14] com.alibaba.nacos.common.remote.client   : [ac9bdf1f-07cf-4ae0-808c-40e4abdb0a0d] Receive server push request, request = NotifySubscriberRequest, requestId = 155
16:45:39:260  INFO 25316 --- [nacos-grpc-client-executor-14] com.alibaba.nacos.common.remote.client   : [ac9bdf1f-07cf-4ae0-808c-40e4abdb0a0d] Ack server push request, request = NotifySubscriberRequest, requestId = 155
