10:52:11:822  INFO 111008 --- [main] com.hmall.trade.TradeServiceApplication  : Starting TradeServiceApplication using Java 11.0.24 on LAPTOP-MN11L063 with PID 111008 (D:\javaworkspace\heimaMallLocal\hmall\trade-service\target\classes started by 86152 in D:\javaworkspace\heimaMallLocal\hmall)
10:52:11:827 DEBUG 111008 --- [main] com.hmall.trade.TradeServiceApplication  : Running with Spring Boot v2.7.12, Spring v5.3.27
10:52:11:828  INFO 111008 --- [main] com.hmall.trade.TradeServiceApplication  : The following 1 profile is active: "local"
10:52:14:539  INFO 111008 --- [main] .s.d.r.c.RepositoryConfigurationDelegate : Multiple Spring Data modules found, entering strict repository configuration mode
10:52:14:546  INFO 111008 --- [main] .s.d.r.c.RepositoryConfigurationDelegate : Bootstrapping Spring Data Redis repositories in DEFAULT mode.
10:52:14:645  INFO 111008 --- [main] .s.d.r.c.RepositoryConfigurationDelegate : Finished Spring Data repository scanning in 24 ms. Found 0 Redis repository interfaces.
10:52:15:283  INFO 111008 --- [main] o.s.cloud.context.scope.GenericScope     : BeanFactory id=1ab2be2d-b24a-3663-9540-b9b66b2c51fd
10:52:16:067  INFO 111008 --- [main] o.s.b.w.embedded.tomcat.TomcatWebServer  : Tomcat initialized with port(s): 8085 (http)
10:52:16:068  INFO 111008 --- [main] o.a.catalina.core.AprLifecycleListener   : Loaded Apache Tomcat Native library [1.2.33] using APR version [1.7.0].
10:52:16:069  INFO 111008 --- [main] o.a.catalina.core.AprLifecycleListener   : APR capabilities: IPv6 [true], sendfile [true], accept filters [false], random [true], UDS [true].
10:52:16:069  INFO 111008 --- [main] o.a.catalina.core.AprLifecycleListener   : APR/OpenSSL configuration: useAprConnector [false], useOpenSSL [true]
10:52:16:076  INFO 111008 --- [main] o.a.catalina.core.AprLifecycleListener   : OpenSSL successfully initialized [OpenSSL 1.1.1o  3 May 2022]
10:52:16:093  INFO 111008 --- [main] o.apache.catalina.core.StandardService   : Starting service [Tomcat]
10:52:16:094  INFO 111008 --- [main] org.apache.catalina.core.StandardEngine  : Starting Servlet engine: [Apache Tomcat/9.0.75]
10:52:16:388  INFO 111008 --- [main] o.a.c.c.C.[Tomcat].[localhost].[/]       : Initializing Spring embedded WebApplicationContext
10:52:16:389  INFO 111008 --- [main] w.s.c.ServletWebServerApplicationContext : Root WebApplicationContext: initialization completed in 4437 ms
10:52:16:868  INFO 111008 --- [main] o.s.c.openfeign.FeignClientFactoryBean   : For 'item-service' URL not provided. Will try picking an instance via load-balancing.
10:52:21:251  INFO 111008 --- [main] o.s.c.openfeign.FeignClientFactoryBean   : For 'cart-service' URL not provided. Will try picking an instance via load-balancing.
10:52:26:901  INFO 111008 --- [main] pertySourcedRequestMappingHandlerMapping : Mapped URL path [/v2/api-docs] onto method [springfox.documentation.swagger2.web.Swagger2ControllerWebMvc#getDocumentation(String, HttpServletRequest)]
10:52:31:678  INFO 111008 --- [main] com.alibaba.nacos.common.remote.client   : [RpcClientFactory] create a new rpc client of 812ae13e-82ab-4366-8468-c5c43da743e1
10:52:31:771  INFO 111008 --- [main] org.reflections.Reflections              : Reflections took 49 ms to scan 1 urls, producing 3 keys and 6 values 
10:52:31:813  INFO 111008 --- [main] org.reflections.Reflections              : Reflections took 16 ms to scan 1 urls, producing 4 keys and 9 values 
10:52:31:833  INFO 111008 --- [main] org.reflections.Reflections              : Reflections took 14 ms to scan 1 urls, producing 3 keys and 10 values 
10:52:31:837  WARN 111008 --- [main] org.reflections.Reflections              : given scan urls are empty. set urls in the configuration
10:52:31:851  INFO 111008 --- [main] org.reflections.Reflections              : Reflections took 13 ms to scan 1 urls, producing 1 keys and 5 values 
10:52:31:868  INFO 111008 --- [main] org.reflections.Reflections              : Reflections took 14 ms to scan 1 urls, producing 1 keys and 7 values 
10:52:31:889  INFO 111008 --- [main] org.reflections.Reflections              : Reflections took 17 ms to scan 1 urls, producing 2 keys and 8 values 
10:52:31:893  WARN 111008 --- [main] org.reflections.Reflections              : given scan urls are empty. set urls in the configuration
10:52:31:894  INFO 111008 --- [main] com.alibaba.nacos.common.remote.client   : [812ae13e-82ab-4366-8468-c5c43da743e1] RpcClient init label, labels = {module=naming, source=sdk}
10:52:31:897  INFO 111008 --- [main] com.alibaba.nacos.common.remote.client   : [812ae13e-82ab-4366-8468-c5c43da743e1] RpcClient init, ServerListFactory = com.alibaba.nacos.client.naming.core.ServerListManager
10:52:31:898  INFO 111008 --- [main] com.alibaba.nacos.common.remote.client   : [812ae13e-82ab-4366-8468-c5c43da743e1] Registry connection listener to current client:com.alibaba.nacos.client.naming.remote.gprc.redo.NamingGrpcRedoService
10:52:31:899  INFO 111008 --- [main] com.alibaba.nacos.common.remote.client   : [812ae13e-82ab-4366-8468-c5c43da743e1] Register server push request handler:com.alibaba.nacos.client.naming.remote.gprc.NamingPushRequestHandler
10:52:31:903  INFO 111008 --- [main] com.alibaba.nacos.common.remote.client   : [812ae13e-82ab-4366-8468-c5c43da743e1] Try to connect to server on start up, server: {serverIp = '119.3.126.214', server main port = 8848}
10:52:38:644 ERROR 111008 --- [main] c.a.n.c.remote.client.grpc.GrpcClient    : Server check fail, please check server 119.3.126.214 ,port 9848 is available , error ={}

java.util.concurrent.TimeoutException: Waited 3000 milliseconds (plus 1 milliseconds, 133500 nanoseconds delay) for com.alibaba.nacos.shaded.io.grpc.stub.ClientCalls$GrpcFuture@6c4e486e[status=PENDING, info=[GrpcFuture{clientCall={delegate={delegate=ClientCallImpl{method=MethodDescriptor{fullMethodName=Request/request, type=UNARY, idempotent=false, safe=false, sampledToLocalTracing=true, requestMarshaller=com.alibaba.nacos.shaded.io.grpc.protobuf.lite.ProtoLiteUtils$MessageMarshaller@7d95a717, responseMarshaller=com.alibaba.nacos.shaded.io.grpc.protobuf.lite.ProtoLiteUtils$MessageMarshaller@5c0f508b, schemaDescriptor=com.alibaba.nacos.api.grpc.auto.RequestGrpc$RequestMethodDescriptorSupplier@7a2ffb0b}}}}}]]
	at com.alibaba.nacos.shaded.com.google.common.util.concurrent.AbstractFuture.get(AbstractFuture.java:508) ~[nacos-client-2.0.4.jar:na]
	at com.alibaba.nacos.common.remote.client.grpc.GrpcClient.serverCheck(GrpcClient.java:148) ~[nacos-client-2.0.4.jar:na]
	at com.alibaba.nacos.common.remote.client.grpc.GrpcClient.connectToServer(GrpcClient.java:264) ~[nacos-client-2.0.4.jar:na]
	at com.alibaba.nacos.common.remote.client.RpcClient.start(RpcClient.java:390) ~[nacos-client-2.0.4.jar:na]
	at com.alibaba.nacos.client.naming.remote.gprc.NamingGrpcClientProxy.start(NamingGrpcClientProxy.java:96) ~[nacos-client-2.0.4.jar:na]
	at com.alibaba.nacos.client.naming.remote.gprc.NamingGrpcClientProxy.<init>(NamingGrpcClientProxy.java:89) ~[nacos-client-2.0.4.jar:na]
	at com.alibaba.nacos.client.naming.remote.NamingClientProxyDelegate.<init>(NamingClientProxyDelegate.java:76) ~[nacos-client-2.0.4.jar:na]
	at com.alibaba.nacos.client.naming.NacosNamingService.init(NacosNamingService.java:95) ~[nacos-client-2.0.4.jar:na]
	at com.alibaba.nacos.client.naming.NacosNamingService.<init>(NacosNamingService.java:81) ~[nacos-client-2.0.4.jar:na]
	at java.base/jdk.internal.reflect.NativeConstructorAccessorImpl.newInstance0(Native Method) ~[na:na]
	at java.base/jdk.internal.reflect.NativeConstructorAccessorImpl.newInstance(NativeConstructorAccessorImpl.java:62) ~[na:na]
	at java.base/jdk.internal.reflect.DelegatingConstructorAccessorImpl.newInstance(DelegatingConstructorAccessorImpl.java:45) ~[na:na]
	at java.base/java.lang.reflect.Constructor.newInstance(Constructor.java:490) ~[na:na]
	at com.alibaba.nacos.api.naming.NamingFactory.createNamingService(NamingFactory.java:59) ~[nacos-client-2.0.4.jar:na]
	at com.alibaba.nacos.api.NacosFactory.createNamingService(NacosFactory.java:77) ~[nacos-client-2.0.4.jar:na]
	at com.alibaba.cloud.nacos.NacosServiceManager.createNewNamingService(NacosServiceManager.java:99) ~[spring-cloud-starter-alibaba-nacos-discovery-2021.0.4.0.jar:2021.0.4.0]
	at com.alibaba.cloud.nacos.NacosServiceManager.buildNamingService(NacosServiceManager.java:90) ~[spring-cloud-starter-alibaba-nacos-discovery-2021.0.4.0.jar:2021.0.4.0]
	at com.alibaba.cloud.nacos.NacosServiceManager.getNamingService(NacosServiceManager.java:46) ~[spring-cloud-starter-alibaba-nacos-discovery-2021.0.4.0.jar:2021.0.4.0]
	at com.alibaba.cloud.nacos.discovery.NacosWatch.start(NacosWatch.java:130) ~[spring-cloud-starter-alibaba-nacos-discovery-2021.0.4.0.jar:2021.0.4.0]
	at org.springframework.context.support.DefaultLifecycleProcessor.doStart(DefaultLifecycleProcessor.java:178) ~[spring-context-5.3.27.jar:5.3.27]
	at org.springframework.context.support.DefaultLifecycleProcessor.access$200(DefaultLifecycleProcessor.java:54) ~[spring-context-5.3.27.jar:5.3.27]
	at org.springframework.context.support.DefaultLifecycleProcessor$LifecycleGroup.start(DefaultLifecycleProcessor.java:356) ~[spring-context-5.3.27.jar:5.3.27]
	at java.base/java.lang.Iterable.forEach(Iterable.java:75) ~[na:na]
	at org.springframework.context.support.DefaultLifecycleProcessor.startBeans(DefaultLifecycleProcessor.java:155) ~[spring-context-5.3.27.jar:5.3.27]
	at org.springframework.context.support.DefaultLifecycleProcessor.onRefresh(DefaultLifecycleProcessor.java:123) ~[spring-context-5.3.27.jar:5.3.27]
	at org.springframework.context.support.AbstractApplicationContext.finishRefresh(AbstractApplicationContext.java:937) ~[spring-context-5.3.27.jar:5.3.27]
	at org.springframework.context.support.AbstractApplicationContext.refresh(AbstractApplicationContext.java:586) ~[spring-context-5.3.27.jar:5.3.27]
	at org.springframework.boot.web.servlet.context.ServletWebServerApplicationContext.refresh(ServletWebServerApplicationContext.java:147) ~[spring-boot-2.7.12.jar:2.7.12]
	at org.springframework.boot.SpringApplication.refresh(SpringApplication.java:731) ~[spring-boot-2.7.12.jar:2.7.12]
	at org.springframework.boot.SpringApplication.refreshContext(SpringApplication.java:408) ~[spring-boot-2.7.12.jar:2.7.12]
	at org.springframework.boot.SpringApplication.run(SpringApplication.java:307) ~[spring-boot-2.7.12.jar:2.7.12]
	at org.springframework.boot.SpringApplication.run(SpringApplication.java:1303) ~[spring-boot-2.7.12.jar:2.7.12]
	at org.springframework.boot.SpringApplication.run(SpringApplication.java:1292) ~[spring-boot-2.7.12.jar:2.7.12]
	at com.hmall.trade.TradeServiceApplication.main(TradeServiceApplication.java:13) ~[classes/:na]

10:52:38:649  INFO 111008 --- [main] com.alibaba.nacos.common.remote.client   : [812ae13e-82ab-4366-8468-c5c43da743e1] Try to connect to server on start up, server: {serverIp = '119.3.126.214', server main port = 8848}
10:52:40:462  INFO 111008 --- [main] com.alibaba.nacos.common.remote.client   : [812ae13e-82ab-4366-8468-c5c43da743e1] Success to connect to server [119.3.126.214:8848] on start up, connectionId = 1728701559396_36.59.210.16_58770
10:52:40:464  INFO 111008 --- [main] com.alibaba.nacos.common.remote.client   : [812ae13e-82ab-4366-8468-c5c43da743e1] Register server push request handler:com.alibaba.nacos.common.remote.client.RpcClient$ConnectResetRequestHandler
10:52:40:463  INFO 111008 --- [com.alibaba.nacos.client.remote.worker] com.alibaba.nacos.common.remote.client   : [812ae13e-82ab-4366-8468-c5c43da743e1] Notify connected event to listeners.
10:52:40:465  INFO 111008 --- [main] com.alibaba.nacos.common.remote.client   : [812ae13e-82ab-4366-8468-c5c43da743e1] Register server push request handler:com.alibaba.nacos.common.remote.client.RpcClient$$Lambda$1149/0x0000000800807040
10:52:40:590  INFO 111008 --- [main] o.s.b.w.embedded.tomcat.TomcatWebServer  : Tomcat started on port(s): 8085 (http) with context path ''
10:52:40:648  INFO 111008 --- [main] c.a.c.n.registry.NacosServiceRegistry    : nacos registry, DEFAULT_GROUP trade-service 172.23.32.1:8085 register finished
10:52:41:095  INFO 111008 --- [nacos-grpc-client-executor-9] com.alibaba.nacos.common.remote.client   : [812ae13e-82ab-4366-8468-c5c43da743e1] Receive server push request, request = NotifySubscriberRequest, requestId = 106
10:52:41:104  INFO 111008 --- [nacos-grpc-client-executor-9] com.alibaba.nacos.common.remote.client   : [812ae13e-82ab-4366-8468-c5c43da743e1] Ack server push request, request = NotifySubscriberRequest, requestId = 106
10:52:43:621  INFO 111008 --- [main] d.s.w.p.DocumentationPluginsBootstrapper : Documentation plugins bootstrapped
10:52:43:626  INFO 111008 --- [main] d.s.w.p.DocumentationPluginsBootstrapper : Found 1 custom documentation plugin(s)
10:52:43:657  INFO 111008 --- [main] s.d.s.w.s.ApiListingReferenceScanner     : Scanning for api listing references
10:52:43:764  INFO 111008 --- [main] com.hmall.trade.TradeServiceApplication  : Started TradeServiceApplication in 39.39 seconds (JVM running for 44.323)
