21:16:48:797  INFO 77980 --- [main] com.hmall.item.ItemApplication           : Starting ItemApplication using Java 11.0.24 on LAPTOP-MN11L063 with PID 77980 (D:\javaworkspace\heimaMallLocal\hmall\item-service\target\classes started by 86152 in D:\javaworkspace\heimaMallLocal\hmall)
21:16:48:801 DEBUG 77980 --- [main] com.hmall.item.ItemApplication           : Running with Spring Boot v2.7.12, Spring v5.3.27
21:16:48:801  INFO 77980 --- [main] com.hmall.item.ItemApplication           : The following 1 profile is active: "local"
21:16:50:707  INFO 77980 --- [main] o.s.b.w.embedded.tomcat.TomcatWebServer  : Tomcat initialized with port(s): 8080 (http)
21:16:50:708  INFO 77980 --- [main] o.a.catalina.core.AprLifecycleListener   : Loaded Apache Tomcat Native library [1.2.33] using APR version [1.7.0].
21:16:50:709  INFO 77980 --- [main] o.a.catalina.core.AprLifecycleListener   : APR capabilities: IPv6 [true], sendfile [true], accept filters [false], random [true], UDS [true].
21:16:50:710  INFO 77980 --- [main] o.a.catalina.core.AprLifecycleListener   : APR/OpenSSL configuration: useAprConnector [false], useOpenSSL [true]
21:16:50:727  INFO 77980 --- [main] o.a.catalina.core.AprLifecycleListener   : OpenSSL successfully initialized [OpenSSL 1.1.1o  3 May 2022]
21:16:50:744  INFO 77980 --- [main] o.apache.catalina.core.StandardService   : Starting service [Tomcat]
21:16:50:744  INFO 77980 --- [main] org.apache.catalina.core.StandardEngine  : Starting Servlet engine: [Apache Tomcat/9.0.75]
21:16:50:877  INFO 77980 --- [main] o.a.c.c.C.[Tomcat].[localhost].[/]       : Initializing Spring embedded WebApplicationContext
21:16:50:877  INFO 77980 --- [main] w.s.c.ServletWebServerApplicationContext : Root WebApplicationContext: initialization completed in 2017 ms
21:16:54:046  INFO 77980 --- [main] pertySourcedRequestMappingHandlerMapping : Mapped URL path [/v2/api-docs] onto method [springfox.documentation.swagger2.web.Swagger2ControllerWebMvc#getDocumentation(String, HttpServletRequest)]
21:16:54:146  INFO 77980 --- [main] o.s.b.w.embedded.tomcat.TomcatWebServer  : Tomcat started on port(s): 8080 (http) with context path ''
21:16:54:147  INFO 77980 --- [main] d.s.w.p.DocumentationPluginsBootstrapper : Documentation plugins bootstrapped
21:16:54:150  INFO 77980 --- [main] d.s.w.p.DocumentationPluginsBootstrapper : Found 1 custom documentation plugin(s)
21:16:54:181  INFO 77980 --- [main] s.d.s.w.s.ApiListingReferenceScanner     : Scanning for api listing references
21:16:54:203  INFO 77980 --- [main] com.hmall.item.ItemApplication           : Started ItemApplication in 5.93 seconds (JVM running for 8.907)
21:17:52:382  INFO 5648 --- [main] com.hmall.item.ItemApplication           : Starting ItemApplication using Java 11.0.24 on LAPTOP-MN11L063 with PID 5648 (D:\javaworkspace\heimaMallLocal\hmall\item-service\target\classes started by 86152 in D:\javaworkspace\heimaMallLocal\hmall)
21:17:52:385 DEBUG 5648 --- [main] com.hmall.item.ItemApplication           : Running with Spring Boot v2.7.12, Spring v5.3.27
21:17:52:386  INFO 5648 --- [main] com.hmall.item.ItemApplication           : The following 1 profile is active: "local"
21:17:53:949  INFO 5648 --- [main] o.s.b.w.embedded.tomcat.TomcatWebServer  : Tomcat initialized with port(s): 8081 (http)
21:17:53:950  INFO 5648 --- [main] o.a.catalina.core.AprLifecycleListener   : Loaded Apache Tomcat Native library [1.2.33] using APR version [1.7.0].
21:17:53:950  INFO 5648 --- [main] o.a.catalina.core.AprLifecycleListener   : APR capabilities: IPv6 [true], sendfile [true], accept filters [false], random [true], UDS [true].
21:17:53:950  INFO 5648 --- [main] o.a.catalina.core.AprLifecycleListener   : APR/OpenSSL configuration: useAprConnector [false], useOpenSSL [true]
21:17:53:954  INFO 5648 --- [main] o.a.catalina.core.AprLifecycleListener   : OpenSSL successfully initialized [OpenSSL 1.1.1o  3 May 2022]
21:17:53:962  INFO 5648 --- [main] o.apache.catalina.core.StandardService   : Starting service [Tomcat]
21:17:53:962  INFO 5648 --- [main] org.apache.catalina.core.StandardEngine  : Starting Servlet engine: [Apache Tomcat/9.0.75]
21:17:54:084  INFO 5648 --- [main] o.a.c.c.C.[Tomcat].[localhost].[/]       : Initializing Spring embedded WebApplicationContext
21:17:54:084  INFO 5648 --- [main] w.s.c.ServletWebServerApplicationContext : Root WebApplicationContext: initialization completed in 1640 ms
21:17:55:854  INFO 5648 --- [main] pertySourcedRequestMappingHandlerMapping : Mapped URL path [/v2/api-docs] onto method [springfox.documentation.swagger2.web.Swagger2ControllerWebMvc#getDocumentation(String, HttpServletRequest)]
21:17:55:942  INFO 5648 --- [main] o.s.b.w.embedded.tomcat.TomcatWebServer  : Tomcat started on port(s): 8081 (http) with context path ''
21:17:55:943  INFO 5648 --- [main] d.s.w.p.DocumentationPluginsBootstrapper : Documentation plugins bootstrapped
21:17:55:945  INFO 5648 --- [main] d.s.w.p.DocumentationPluginsBootstrapper : Found 1 custom documentation plugin(s)
21:17:55:977  INFO 5648 --- [main] s.d.s.w.s.ApiListingReferenceScanner     : Scanning for api listing references
21:17:55:994  INFO 5648 --- [main] com.hmall.item.ItemApplication           : Started ItemApplication in 4.141 seconds (JVM running for 7.131)
21:21:30:359  INFO 14148 --- [main] com.hmall.item.ItemApplication           : Starting ItemApplication using Java 11.0.24 on LAPTOP-MN11L063 with PID 14148 (D:\javaworkspace\heimaMallLocal\hmall\item-service\target\classes started by 86152 in D:\javaworkspace\heimaMallLocal\hmall)
21:21:30:361 DEBUG 14148 --- [main] com.hmall.item.ItemApplication           : Running with Spring Boot v2.7.12, Spring v5.3.27
21:21:30:362  INFO 14148 --- [main] com.hmall.item.ItemApplication           : The following 1 profile is active: "local"
21:21:32:492  INFO 14148 --- [main] o.s.b.w.embedded.tomcat.TomcatWebServer  : Tomcat initialized with port(s): 8081 (http)
21:21:32:494  INFO 14148 --- [main] o.a.catalina.core.AprLifecycleListener   : Loaded Apache Tomcat Native library [1.2.33] using APR version [1.7.0].
21:21:32:495  INFO 14148 --- [main] o.a.catalina.core.AprLifecycleListener   : APR capabilities: IPv6 [true], sendfile [true], accept filters [false], random [true], UDS [true].
21:21:32:495  INFO 14148 --- [main] o.a.catalina.core.AprLifecycleListener   : APR/OpenSSL configuration: useAprConnector [false], useOpenSSL [true]
21:21:32:499  INFO 14148 --- [main] o.a.catalina.core.AprLifecycleListener   : OpenSSL successfully initialized [OpenSSL 1.1.1o  3 May 2022]
21:21:32:514  INFO 14148 --- [main] o.apache.catalina.core.StandardService   : Starting service [Tomcat]
21:21:32:515  INFO 14148 --- [main] org.apache.catalina.core.StandardEngine  : Starting Servlet engine: [Apache Tomcat/9.0.75]
21:21:32:713  INFO 14148 --- [main] o.a.c.c.C.[Tomcat].[localhost].[/]       : Initializing Spring embedded WebApplicationContext
21:21:32:714  INFO 14148 --- [main] w.s.c.ServletWebServerApplicationContext : Root WebApplicationContext: initialization completed in 2296 ms
21:21:36:490  INFO 14148 --- [main] pertySourcedRequestMappingHandlerMapping : Mapped URL path [/v2/api-docs] onto method [springfox.documentation.swagger2.web.Swagger2ControllerWebMvc#getDocumentation(String, HttpServletRequest)]
21:21:36:797  INFO 14148 --- [main] o.s.b.w.embedded.tomcat.TomcatWebServer  : Tomcat started on port(s): 8081 (http) with context path ''
21:21:36:804  INFO 14148 --- [main] d.s.w.p.DocumentationPluginsBootstrapper : Documentation plugins bootstrapped
21:21:36:811  INFO 14148 --- [main] d.s.w.p.DocumentationPluginsBootstrapper : Found 1 custom documentation plugin(s)
21:21:36:906  INFO 14148 --- [main] s.d.s.w.s.ApiListingReferenceScanner     : Scanning for api listing references
21:21:36:952  INFO 14148 --- [main] com.hmall.item.ItemApplication           : Started ItemApplication in 7.189 seconds (JVM running for 9.832)
21:21:37:582  INFO 49072 --- [main] com.hmall.item.ItemApplication           : Starting ItemApplication using Java 11.0.24 on LAPTOP-MN11L063 with PID 49072 (D:\javaworkspace\heimaMallLocal\hmall\item-service\target\classes started by 86152 in D:\javaworkspace\heimaMallLocal\hmall)
21:21:37:588 DEBUG 49072 --- [main] com.hmall.item.ItemApplication           : Running with Spring Boot v2.7.12, Spring v5.3.27
21:21:37:589  INFO 49072 --- [main] com.hmall.item.ItemApplication           : The following 1 profile is active: "local"
21:21:40:683  INFO 49072 --- [main] o.s.b.w.embedded.tomcat.TomcatWebServer  : Tomcat initialized with port(s): 8081 (http)
21:21:40:685  INFO 49072 --- [main] o.a.catalina.core.AprLifecycleListener   : Loaded Apache Tomcat Native library [1.2.33] using APR version [1.7.0].
21:21:40:686  INFO 49072 --- [main] o.a.catalina.core.AprLifecycleListener   : APR capabilities: IPv6 [true], sendfile [true], accept filters [false], random [true], UDS [true].
21:21:40:686  INFO 49072 --- [main] o.a.catalina.core.AprLifecycleListener   : APR/OpenSSL configuration: useAprConnector [false], useOpenSSL [true]
21:21:40:693  INFO 49072 --- [main] o.a.catalina.core.AprLifecycleListener   : OpenSSL successfully initialized [OpenSSL 1.1.1o  3 May 2022]
21:21:40:708  INFO 49072 --- [main] o.apache.catalina.core.StandardService   : Starting service [Tomcat]
21:21:40:709  INFO 49072 --- [main] org.apache.catalina.core.StandardEngine  : Starting Servlet engine: [Apache Tomcat/9.0.75]
21:21:40:921  INFO 49072 --- [main] o.a.c.c.C.[Tomcat].[localhost].[/]       : Initializing Spring embedded WebApplicationContext
21:21:40:921  INFO 49072 --- [main] w.s.c.ServletWebServerApplicationContext : Root WebApplicationContext: initialization completed in 3219 ms
21:21:43:657  INFO 49072 --- [main] pertySourcedRequestMappingHandlerMapping : Mapped URL path [/v2/api-docs] onto method [springfox.documentation.swagger2.web.Swagger2ControllerWebMvc#getDocumentation(String, HttpServletRequest)]
21:21:43:777  WARN 49072 --- [main] ConfigServletWebServerApplicationContext : Exception encountered during context initialization - cancelling refresh attempt: org.springframework.context.ApplicationContextException: Failed to start bean 'webServerStartStop'; nested exception is org.springframework.boot.web.server.PortInUseException: Port 8081 is already in use
21:21:43:785  INFO 49072 --- [main] o.apache.catalina.core.StandardService   : Stopping service [Tomcat]
21:21:43:808  INFO 49072 --- [main] ConditionEvaluationReportLoggingListener : 

Error starting ApplicationContext. To display the conditions report re-run your application with 'debug' enabled.
21:21:43:845 ERROR 49072 --- [main] o.s.b.d.LoggingFailureAnalysisReporter   : 

***************************
APPLICATION FAILED TO START
***************************

Description:

Web server failed to start. Port 8081 was already in use.

Action:

Identify and stop the process that's listening on port 8081 or configure this application to listen on another port.

21:24:02:908  INFO 79072 --- [main] com.hmall.item.ItemApplication           : Starting ItemApplication using Java 11.0.24 on LAPTOP-MN11L063 with PID 79072 (D:\javaworkspace\heimaMallLocal\hmall\item-service\target\classes started by 86152 in D:\javaworkspace\heimaMallLocal\hmall)
21:24:02:912 DEBUG 79072 --- [main] com.hmall.item.ItemApplication           : Running with Spring Boot v2.7.12, Spring v5.3.27
21:24:02:913  INFO 79072 --- [main] com.hmall.item.ItemApplication           : The following 1 profile is active: "local"
21:24:04:586  INFO 79072 --- [main] o.s.b.w.embedded.tomcat.TomcatWebServer  : Tomcat initialized with port(s): 8081 (http)
21:24:04:587  INFO 79072 --- [main] o.a.catalina.core.AprLifecycleListener   : Loaded Apache Tomcat Native library [1.2.33] using APR version [1.7.0].
21:24:04:587  INFO 79072 --- [main] o.a.catalina.core.AprLifecycleListener   : APR capabilities: IPv6 [true], sendfile [true], accept filters [false], random [true], UDS [true].
21:24:04:587  INFO 79072 --- [main] o.a.catalina.core.AprLifecycleListener   : APR/OpenSSL configuration: useAprConnector [false], useOpenSSL [true]
21:24:04:591  INFO 79072 --- [main] o.a.catalina.core.AprLifecycleListener   : OpenSSL successfully initialized [OpenSSL 1.1.1o  3 May 2022]
21:24:04:598  INFO 79072 --- [main] o.apache.catalina.core.StandardService   : Starting service [Tomcat]
21:24:04:598  INFO 79072 --- [main] org.apache.catalina.core.StandardEngine  : Starting Servlet engine: [Apache Tomcat/9.0.75]
21:24:04:724  INFO 79072 --- [main] o.a.c.c.C.[Tomcat].[localhost].[/]       : Initializing Spring embedded WebApplicationContext
21:24:04:724  INFO 79072 --- [main] w.s.c.ServletWebServerApplicationContext : Root WebApplicationContext: initialization completed in 1741 ms
21:24:06:561  INFO 79072 --- [main] pertySourcedRequestMappingHandlerMapping : Mapped URL path [/v2/api-docs] onto method [springfox.documentation.swagger2.web.Swagger2ControllerWebMvc#getDocumentation(String, HttpServletRequest)]
21:24:06:706  INFO 79072 --- [main] o.s.b.w.embedded.tomcat.TomcatWebServer  : Tomcat started on port(s): 8081 (http) with context path ''
21:24:06:708  INFO 79072 --- [main] d.s.w.p.DocumentationPluginsBootstrapper : Documentation plugins bootstrapped
21:24:06:711  INFO 79072 --- [main] d.s.w.p.DocumentationPluginsBootstrapper : Found 1 custom documentation plugin(s)
21:24:06:751  INFO 79072 --- [main] s.d.s.w.s.ApiListingReferenceScanner     : Scanning for api listing references
21:24:06:775  INFO 79072 --- [main] com.hmall.item.ItemApplication           : Started ItemApplication in 4.429 seconds (JVM running for 7.238)
21:24:52:213  INFO 62080 --- [main] com.hmall.item.ItemApplication           : Starting ItemApplication using Java 11.0.24 on LAPTOP-MN11L063 with PID 62080 (D:\javaworkspace\heimaMallLocal\hmall\item-service\target\classes started by 86152 in D:\javaworkspace\heimaMallLocal\hmall)
21:24:52:216 DEBUG 62080 --- [main] com.hmall.item.ItemApplication           : Running with Spring Boot v2.7.12, Spring v5.3.27
21:24:52:217  INFO 62080 --- [main] com.hmall.item.ItemApplication           : The following 1 profile is active: "local"
21:24:53:744  INFO 62080 --- [main] o.s.b.w.embedded.tomcat.TomcatWebServer  : Tomcat initialized with port(s): 8081 (http)
21:24:53:745  INFO 62080 --- [main] o.a.catalina.core.AprLifecycleListener   : Loaded Apache Tomcat Native library [1.2.33] using APR version [1.7.0].
21:24:53:746  INFO 62080 --- [main] o.a.catalina.core.AprLifecycleListener   : APR capabilities: IPv6 [true], sendfile [true], accept filters [false], random [true], UDS [true].
21:24:53:746  INFO 62080 --- [main] o.a.catalina.core.AprLifecycleListener   : APR/OpenSSL configuration: useAprConnector [false], useOpenSSL [true]
21:24:53:749  INFO 62080 --- [main] o.a.catalina.core.AprLifecycleListener   : OpenSSL successfully initialized [OpenSSL 1.1.1o  3 May 2022]
21:24:53:757  INFO 62080 --- [main] o.apache.catalina.core.StandardService   : Starting service [Tomcat]
21:24:53:757  INFO 62080 --- [main] org.apache.catalina.core.StandardEngine  : Starting Servlet engine: [Apache Tomcat/9.0.75]
21:24:53:896  INFO 62080 --- [main] o.a.c.c.C.[Tomcat].[localhost].[/]       : Initializing Spring embedded WebApplicationContext
21:24:53:897  INFO 62080 --- [main] w.s.c.ServletWebServerApplicationContext : Root WebApplicationContext: initialization completed in 1615 ms
21:24:56:202  INFO 62080 --- [main] pertySourcedRequestMappingHandlerMapping : Mapped URL path [/v2/api-docs] onto method [springfox.documentation.swagger2.web.Swagger2ControllerWebMvc#getDocumentation(String, HttpServletRequest)]
21:24:56:292  WARN 62080 --- [main] ConfigServletWebServerApplicationContext : Exception encountered during context initialization - cancelling refresh attempt: org.springframework.context.ApplicationContextException: Failed to start bean 'webServerStartStop'; nested exception is org.springframework.boot.web.server.PortInUseException: Port 8081 is already in use
21:24:56:299  INFO 62080 --- [main] o.apache.catalina.core.StandardService   : Stopping service [Tomcat]
21:24:56:316  INFO 62080 --- [main] ConditionEvaluationReportLoggingListener : 

Error starting ApplicationContext. To display the conditions report re-run your application with 'debug' enabled.
21:24:56:338 ERROR 62080 --- [main] o.s.b.d.LoggingFailureAnalysisReporter   : 

***************************
APPLICATION FAILED TO START
***************************

Description:

Web server failed to start. Port 8081 was already in use.

Action:

Identify and stop the process that's listening on port 8081 or configure this application to listen on another port.

21:26:12:474  INFO 73828 --- [main] com.hmall.item.ItemApplication           : Starting ItemApplication using Java 11.0.24 on LAPTOP-MN11L063 with PID 73828 (D:\javaworkspace\heimaMallLocal\hmall\item-service\target\classes started by 86152 in D:\javaworkspace\heimaMallLocal\hmall)
21:26:12:479 DEBUG 73828 --- [main] com.hmall.item.ItemApplication           : Running with Spring Boot v2.7.12, Spring v5.3.27
21:26:12:480  INFO 73828 --- [main] com.hmall.item.ItemApplication           : The following 1 profile is active: "local"
21:26:15:173  INFO 73828 --- [main] o.s.b.w.embedded.tomcat.TomcatWebServer  : Tomcat initialized with port(s): 8081 (http)
21:26:15:176  INFO 73828 --- [main] o.a.catalina.core.AprLifecycleListener   : Loaded Apache Tomcat Native library [1.2.33] using APR version [1.7.0].
21:26:15:176  INFO 73828 --- [main] o.a.catalina.core.AprLifecycleListener   : APR capabilities: IPv6 [true], sendfile [true], accept filters [false], random [true], UDS [true].
21:26:15:177  INFO 73828 --- [main] o.a.catalina.core.AprLifecycleListener   : APR/OpenSSL configuration: useAprConnector [false], useOpenSSL [true]
21:26:15:183  INFO 73828 --- [main] o.a.catalina.core.AprLifecycleListener   : OpenSSL successfully initialized [OpenSSL 1.1.1o  3 May 2022]
21:26:15:199  INFO 73828 --- [main] o.apache.catalina.core.StandardService   : Starting service [Tomcat]
21:26:15:199  INFO 73828 --- [main] org.apache.catalina.core.StandardEngine  : Starting Servlet engine: [Apache Tomcat/9.0.75]
21:26:15:372  INFO 73828 --- [main] o.a.c.c.C.[Tomcat].[localhost].[/]       : Initializing Spring embedded WebApplicationContext
21:26:15:373  INFO 73828 --- [main] w.s.c.ServletWebServerApplicationContext : Root WebApplicationContext: initialization completed in 2766 ms
21:26:19:051  INFO 73828 --- [main] pertySourcedRequestMappingHandlerMapping : Mapped URL path [/v2/api-docs] onto method [springfox.documentation.swagger2.web.Swagger2ControllerWebMvc#getDocumentation(String, HttpServletRequest)]
21:26:19:330  INFO 73828 --- [main] o.s.b.w.embedded.tomcat.TomcatWebServer  : Tomcat started on port(s): 8081 (http) with context path ''
21:26:19:333  INFO 73828 --- [main] d.s.w.p.DocumentationPluginsBootstrapper : Documentation plugins bootstrapped
21:26:19:338  INFO 73828 --- [main] d.s.w.p.DocumentationPluginsBootstrapper : Found 1 custom documentation plugin(s)
21:26:19:399  INFO 73828 --- [main] s.d.s.w.s.ApiListingReferenceScanner     : Scanning for api listing references
21:26:19:424  INFO 73828 --- [main] com.hmall.item.ItemApplication           : Started ItemApplication in 7.899 seconds (JVM running for 11.025)
21:47:02:973  INFO 79084 --- [main] com.hmall.item.ItemApplication           : Starting ItemApplication using Java 11.0.24 on LAPTOP-MN11L063 with PID 79084 (D:\javaworkspace\heimaMallLocal\hmall\item-service\target\classes started by 86152 in D:\javaworkspace\heimaMallLocal\hmall)
21:47:02:978 DEBUG 79084 --- [main] com.hmall.item.ItemApplication           : Running with Spring Boot v2.7.12, Spring v5.3.27
21:47:02:979  INFO 79084 --- [main] com.hmall.item.ItemApplication           : The following 1 profile is active: "local"
21:47:05:478  INFO 79084 --- [main] o.s.b.w.embedded.tomcat.TomcatWebServer  : Tomcat initialized with port(s): 8081 (http)
21:47:05:479  INFO 79084 --- [main] o.a.catalina.core.AprLifecycleListener   : Loaded Apache Tomcat Native library [1.2.33] using APR version [1.7.0].
21:47:05:480  INFO 79084 --- [main] o.a.catalina.core.AprLifecycleListener   : APR capabilities: IPv6 [true], sendfile [true], accept filters [false], random [true], UDS [true].
21:47:05:480  INFO 79084 --- [main] o.a.catalina.core.AprLifecycleListener   : APR/OpenSSL configuration: useAprConnector [false], useOpenSSL [true]
21:47:05:485  INFO 79084 --- [main] o.a.catalina.core.AprLifecycleListener   : OpenSSL successfully initialized [OpenSSL 1.1.1o  3 May 2022]
21:47:05:497  INFO 79084 --- [main] o.apache.catalina.core.StandardService   : Starting service [Tomcat]
21:47:05:498  INFO 79084 --- [main] org.apache.catalina.core.StandardEngine  : Starting Servlet engine: [Apache Tomcat/9.0.75]
21:47:05:733  INFO 79084 --- [main] o.a.c.c.C.[Tomcat].[localhost].[/]       : Initializing Spring embedded WebApplicationContext
21:47:05:734  INFO 79084 --- [main] w.s.c.ServletWebServerApplicationContext : Root WebApplicationContext: initialization completed in 2649 ms
21:47:09:270  INFO 79084 --- [main] pertySourcedRequestMappingHandlerMapping : Mapped URL path [/v2/api-docs] onto method [springfox.documentation.swagger2.web.Swagger2ControllerWebMvc#getDocumentation(String, HttpServletRequest)]
21:47:09:470  INFO 79084 --- [main] o.s.b.w.embedded.tomcat.TomcatWebServer  : Tomcat started on port(s): 8081 (http) with context path ''
21:47:09:473  INFO 79084 --- [main] d.s.w.p.DocumentationPluginsBootstrapper : Documentation plugins bootstrapped
21:47:09:480  INFO 79084 --- [main] d.s.w.p.DocumentationPluginsBootstrapper : Found 1 custom documentation plugin(s)
21:47:09:561  INFO 79084 --- [main] s.d.s.w.s.ApiListingReferenceScanner     : Scanning for api listing references
21:47:09:600  INFO 79084 --- [main] com.hmall.item.ItemApplication           : Started ItemApplication in 7.408 seconds (JVM running for 10.857)
21:47:43:316  INFO 73168 --- [main] com.hmall.item.ItemApplication           : Starting ItemApplication using Java 11.0.24 on LAPTOP-MN11L063 with PID 73168 (D:\javaworkspace\heimaMallLocal\hmall\item-service\target\classes started by 86152 in D:\javaworkspace\heimaMallLocal\hmall)
21:47:43:322 DEBUG 73168 --- [main] com.hmall.item.ItemApplication           : Running with Spring Boot v2.7.12, Spring v5.3.27
21:47:43:323  INFO 73168 --- [main] com.hmall.item.ItemApplication           : The following 1 profile is active: "local"
21:47:45:509  INFO 73168 --- [main] o.s.b.w.embedded.tomcat.TomcatWebServer  : Tomcat initialized with port(s): 8081 (http)
21:47:45:510  INFO 73168 --- [main] o.a.catalina.core.AprLifecycleListener   : Loaded Apache Tomcat Native library [1.2.33] using APR version [1.7.0].
21:47:45:510  INFO 73168 --- [main] o.a.catalina.core.AprLifecycleListener   : APR capabilities: IPv6 [true], sendfile [true], accept filters [false], random [true], UDS [true].
21:47:45:511  INFO 73168 --- [main] o.a.catalina.core.AprLifecycleListener   : APR/OpenSSL configuration: useAprConnector [false], useOpenSSL [true]
21:47:45:515  INFO 73168 --- [main] o.a.catalina.core.AprLifecycleListener   : OpenSSL successfully initialized [OpenSSL 1.1.1o  3 May 2022]
21:47:45:524  INFO 73168 --- [main] o.apache.catalina.core.StandardService   : Starting service [Tomcat]
21:47:45:525  INFO 73168 --- [main] org.apache.catalina.core.StandardEngine  : Starting Servlet engine: [Apache Tomcat/9.0.75]
21:47:45:662  INFO 73168 --- [main] o.a.c.c.C.[Tomcat].[localhost].[/]       : Initializing Spring embedded WebApplicationContext
21:47:45:662  INFO 73168 --- [main] w.s.c.ServletWebServerApplicationContext : Root WebApplicationContext: initialization completed in 2240 ms
21:47:47:395  INFO 73168 --- [main] pertySourcedRequestMappingHandlerMapping : Mapped URL path [/v2/api-docs] onto method [springfox.documentation.swagger2.web.Swagger2ControllerWebMvc#getDocumentation(String, HttpServletRequest)]
21:47:47:485  INFO 73168 --- [main] o.s.b.w.embedded.tomcat.TomcatWebServer  : Tomcat started on port(s): 8081 (http) with context path ''
21:47:47:486  INFO 73168 --- [main] d.s.w.p.DocumentationPluginsBootstrapper : Documentation plugins bootstrapped
21:47:47:489  INFO 73168 --- [main] d.s.w.p.DocumentationPluginsBootstrapper : Found 1 custom documentation plugin(s)
21:47:47:517  INFO 73168 --- [main] s.d.s.w.s.ApiListingReferenceScanner     : Scanning for api listing references
21:47:47:535  INFO 73168 --- [main] com.hmall.item.ItemApplication           : Started ItemApplication in 4.876 seconds (JVM running for 8.172)
21:48:35:831  INFO 73168 --- [http-nio-8081-exec-1] o.a.c.c.C.[Tomcat].[localhost].[/]       : Initializing Spring DispatcherServlet 'dispatcherServlet'
21:48:35:831  INFO 73168 --- [http-nio-8081-exec-1] o.s.web.servlet.DispatcherServlet        : Initializing Servlet 'dispatcherServlet'
21:48:35:847  INFO 73168 --- [http-nio-8081-exec-1] o.s.web.servlet.DispatcherServlet        : Completed initialization in 16 ms
21:59:01:691  INFO 81580 --- [main] com.hmall.item.ItemApplication           : Starting ItemApplication using Java 11.0.24 on LAPTOP-MN11L063 with PID 81580 (D:\javaworkspace\heimaMallLocal\hmall\item-service\target\classes started by 86152 in D:\javaworkspace\heimaMallLocal\hmall)
21:59:01:699 DEBUG 81580 --- [main] com.hmall.item.ItemApplication           : Running with Spring Boot v2.7.12, Spring v5.3.27
21:59:01:700  INFO 81580 --- [main] com.hmall.item.ItemApplication           : The following 1 profile is active: "local"
21:59:04:736  INFO 81580 --- [main] o.s.b.w.embedded.tomcat.TomcatWebServer  : Tomcat initialized with port(s): 8081 (http)
21:59:04:738  INFO 81580 --- [main] o.a.catalina.core.AprLifecycleListener   : Loaded Apache Tomcat Native library [1.2.33] using APR version [1.7.0].
21:59:04:739  INFO 81580 --- [main] o.a.catalina.core.AprLifecycleListener   : APR capabilities: IPv6 [true], sendfile [true], accept filters [false], random [true], UDS [true].
21:59:04:739  INFO 81580 --- [main] o.a.catalina.core.AprLifecycleListener   : APR/OpenSSL configuration: useAprConnector [false], useOpenSSL [true]
21:59:04:747  INFO 81580 --- [main] o.a.catalina.core.AprLifecycleListener   : OpenSSL successfully initialized [OpenSSL 1.1.1o  3 May 2022]
21:59:04:766  INFO 81580 --- [main] o.apache.catalina.core.StandardService   : Starting service [Tomcat]
21:59:04:767  INFO 81580 --- [main] org.apache.catalina.core.StandardEngine  : Starting Servlet engine: [Apache Tomcat/9.0.75]
21:59:05:128  INFO 81580 --- [main] o.a.c.c.C.[Tomcat].[localhost].[/]       : Initializing Spring embedded WebApplicationContext
21:59:05:129  INFO 81580 --- [main] w.s.c.ServletWebServerApplicationContext : Root WebApplicationContext: initialization completed in 3307 ms
21:59:09:203  INFO 81580 --- [main] pertySourcedRequestMappingHandlerMapping : Mapped URL path [/v2/api-docs] onto method [springfox.documentation.swagger2.web.Swagger2ControllerWebMvc#getDocumentation(String, HttpServletRequest)]
21:59:09:464  INFO 81580 --- [main] o.s.b.w.embedded.tomcat.TomcatWebServer  : Tomcat started on port(s): 8081 (http) with context path ''
21:59:09:467  INFO 81580 --- [main] d.s.w.p.DocumentationPluginsBootstrapper : Documentation plugins bootstrapped
21:59:09:475  INFO 81580 --- [main] d.s.w.p.DocumentationPluginsBootstrapper : Found 1 custom documentation plugin(s)
21:59:09:555  INFO 81580 --- [main] s.d.s.w.s.ApiListingReferenceScanner     : Scanning for api listing references
21:59:09:594  INFO 81580 --- [main] com.hmall.item.ItemApplication           : Started ItemApplication in 8.962 seconds (JVM running for 12.481)
21:59:58:687  INFO 64520 --- [main] com.hmall.item.ItemApplication           : Starting ItemApplication using Java 11.0.24 on LAPTOP-MN11L063 with PID 64520 (D:\javaworkspace\heimaMallLocal\hmall\item-service\target\classes started by 86152 in D:\javaworkspace\heimaMallLocal\hmall)
21:59:58:691 DEBUG 64520 --- [main] com.hmall.item.ItemApplication           : Running with Spring Boot v2.7.12, Spring v5.3.27
21:59:58:692  INFO 64520 --- [main] com.hmall.item.ItemApplication           : The following 1 profile is active: "local"
22:00:00:841  INFO 64520 --- [main] o.s.b.w.embedded.tomcat.TomcatWebServer  : Tomcat initialized with port(s): 8081 (http)
22:00:00:842  INFO 64520 --- [main] o.a.catalina.core.AprLifecycleListener   : Loaded Apache Tomcat Native library [1.2.33] using APR version [1.7.0].
22:00:00:842  INFO 64520 --- [main] o.a.catalina.core.AprLifecycleListener   : APR capabilities: IPv6 [true], sendfile [true], accept filters [false], random [true], UDS [true].
22:00:00:842  INFO 64520 --- [main] o.a.catalina.core.AprLifecycleListener   : APR/OpenSSL configuration: useAprConnector [false], useOpenSSL [true]
22:00:00:846  INFO 64520 --- [main] o.a.catalina.core.AprLifecycleListener   : OpenSSL successfully initialized [OpenSSL 1.1.1o  3 May 2022]
22:00:00:854  INFO 64520 --- [main] o.apache.catalina.core.StandardService   : Starting service [Tomcat]
22:00:00:855  INFO 64520 --- [main] org.apache.catalina.core.StandardEngine  : Starting Servlet engine: [Apache Tomcat/9.0.75]
22:00:01:002  INFO 64520 --- [main] o.a.c.c.C.[Tomcat].[localhost].[/]       : Initializing Spring embedded WebApplicationContext
22:00:01:002  INFO 64520 --- [main] w.s.c.ServletWebServerApplicationContext : Root WebApplicationContext: initialization completed in 2214 ms
22:00:02:900  INFO 64520 --- [main] pertySourcedRequestMappingHandlerMapping : Mapped URL path [/v2/api-docs] onto method [springfox.documentation.swagger2.web.Swagger2ControllerWebMvc#getDocumentation(String, HttpServletRequest)]
22:00:02:993  INFO 64520 --- [main] o.s.b.w.embedded.tomcat.TomcatWebServer  : Tomcat started on port(s): 8081 (http) with context path ''
22:00:02:994  INFO 64520 --- [main] d.s.w.p.DocumentationPluginsBootstrapper : Documentation plugins bootstrapped
22:00:02:997  INFO 64520 --- [main] d.s.w.p.DocumentationPluginsBootstrapper : Found 1 custom documentation plugin(s)
22:00:03:026  INFO 64520 --- [main] s.d.s.w.s.ApiListingReferenceScanner     : Scanning for api listing references
22:00:03:042  INFO 64520 --- [main] com.hmall.item.ItemApplication           : Started ItemApplication in 5.002 seconds (JVM running for 8.334)
22:00:20:661  INFO 64520 --- [http-nio-8081-exec-1] o.a.c.c.C.[Tomcat].[localhost].[/]       : Initializing Spring DispatcherServlet 'dispatcherServlet'
22:00:20:661  INFO 64520 --- [http-nio-8081-exec-1] o.s.web.servlet.DispatcherServlet        : Initializing Servlet 'dispatcherServlet'
22:00:20:667  INFO 64520 --- [http-nio-8081-exec-1] o.s.web.servlet.DispatcherServlet        : Completed initialization in 6 ms
22:06:58:947  INFO 29368 --- [main] com.hmall.item.ItemApplication           : Starting ItemApplication using Java 11.0.24 on LAPTOP-MN11L063 with PID 29368 (D:\javaworkspace\heimaMallLocal\hmall\item-service\target\classes started by 86152 in D:\javaworkspace\heimaMallLocal\hmall)
22:06:58:949 DEBUG 29368 --- [main] com.hmall.item.ItemApplication           : Running with Spring Boot v2.7.12, Spring v5.3.27
22:06:58:950  INFO 29368 --- [main] com.hmall.item.ItemApplication           : The following 1 profile is active: "local"
22:07:00:499  INFO 29368 --- [main] o.s.b.w.embedded.tomcat.TomcatWebServer  : Tomcat initialized with port(s): 8081 (http)
22:07:00:500  INFO 29368 --- [main] o.a.catalina.core.AprLifecycleListener   : Loaded Apache Tomcat Native library [1.2.33] using APR version [1.7.0].
22:07:00:500  INFO 29368 --- [main] o.a.catalina.core.AprLifecycleListener   : APR capabilities: IPv6 [true], sendfile [true], accept filters [false], random [true], UDS [true].
22:07:00:500  INFO 29368 --- [main] o.a.catalina.core.AprLifecycleListener   : APR/OpenSSL configuration: useAprConnector [false], useOpenSSL [true]
22:07:00:503  INFO 29368 --- [main] o.a.catalina.core.AprLifecycleListener   : OpenSSL successfully initialized [OpenSSL 1.1.1o  3 May 2022]
22:07:00:511  INFO 29368 --- [main] o.apache.catalina.core.StandardService   : Starting service [Tomcat]
22:07:00:512  INFO 29368 --- [main] org.apache.catalina.core.StandardEngine  : Starting Servlet engine: [Apache Tomcat/9.0.75]
22:07:00:633  INFO 29368 --- [main] o.a.c.c.C.[Tomcat].[localhost].[/]       : Initializing Spring embedded WebApplicationContext
22:07:00:634  INFO 29368 --- [main] w.s.c.ServletWebServerApplicationContext : Root WebApplicationContext: initialization completed in 1626 ms
22:07:02:426  INFO 29368 --- [main] pertySourcedRequestMappingHandlerMapping : Mapped URL path [/v2/api-docs] onto method [springfox.documentation.swagger2.web.Swagger2ControllerWebMvc#getDocumentation(String, HttpServletRequest)]
22:07:02:528  INFO 29368 --- [main] o.s.b.w.embedded.tomcat.TomcatWebServer  : Tomcat started on port(s): 8081 (http) with context path ''
22:07:02:529  INFO 29368 --- [main] d.s.w.p.DocumentationPluginsBootstrapper : Documentation plugins bootstrapped
22:07:02:532  INFO 29368 --- [main] d.s.w.p.DocumentationPluginsBootstrapper : Found 1 custom documentation plugin(s)
22:07:02:563  INFO 29368 --- [main] s.d.s.w.s.ApiListingReferenceScanner     : Scanning for api listing references
22:07:02:737  INFO 29368 --- [main] com.hmall.item.ItemApplication           : Started ItemApplication in 4.32 seconds (JVM running for 7.207)
22:07:17:511  INFO 29368 --- [http-nio-8081-exec-1] o.a.c.c.C.[Tomcat].[localhost].[/]       : Initializing Spring DispatcherServlet 'dispatcherServlet'
22:07:17:513  INFO 29368 --- [http-nio-8081-exec-1] o.s.web.servlet.DispatcherServlet        : Initializing Servlet 'dispatcherServlet'
22:07:17:515  INFO 29368 --- [http-nio-8081-exec-1] o.s.web.servlet.DispatcherServlet        : Completed initialization in 1 ms
22:07:55:562  INFO 29368 --- [http-nio-8081-exec-5] com.zaxxer.hikari.HikariDataSource       : HikariPool-1 - Starting...
22:07:56:288  INFO 29368 --- [http-nio-8081-exec-5] com.zaxxer.hikari.HikariDataSource       : HikariPool-1 - Start completed.
22:07:56:319 DEBUG 29368 --- [http-nio-8081-exec-5] c.h.i.mapper.ItemMapper.selectBatchIds   : ==>  Preparing: SELECT id,name,price,stock,image,category,brand,spec,sold,comment_count,isAD,status,create_time,update_time,creater,updater FROM item WHERE id IN ( ? , ? , ? )
22:07:56:366 DEBUG 29368 --- [http-nio-8081-exec-5] c.h.i.mapper.ItemMapper.selectBatchIds   : ==> Parameters: 100002672302(Long), 100002624500(Long), 100002533430(Long)
22:07:56:586 DEBUG 29368 --- [http-nio-8081-exec-5] c.h.i.mapper.ItemMapper.selectBatchIds   : <==      Total: 3
22:11:24:244 DEBUG 29368 --- [http-nio-8081-exec-8] c.h.i.mapper.ItemMapper.selectBatchIds   : ==>  Preparing: SELECT id,name,price,stock,image,category,brand,spec,sold,comment_count,isAD,status,create_time,update_time,creater,updater FROM item WHERE id IN ( ? , ? , ? )
22:11:24:244 DEBUG 29368 --- [http-nio-8081-exec-8] c.h.i.mapper.ItemMapper.selectBatchIds   : ==> Parameters: 100002672302(Long), 100002624500(Long), 100002533430(Long)
22:11:24:323 DEBUG 29368 --- [http-nio-8081-exec-8] c.h.i.mapper.ItemMapper.selectBatchIds   : <==      Total: 3
22:12:52:200  INFO 29368 --- [SpringApplicationShutdownHook] com.zaxxer.hikari.HikariDataSource       : HikariPool-1 - Shutdown initiated...
22:12:52:422  INFO 29368 --- [SpringApplicationShutdownHook] com.zaxxer.hikari.HikariDataSource       : HikariPool-1 - Shutdown completed.
